# JRE version: Java(TM) SE Runtime Environment (8.0_112-b15) (build 1.8.0_112-b15)
# Java VM: Java HotSpot(TM) 64-Bit Server VM (25.112-b15 mixed mode windows-amd64 compressed oops)
Heap:
 PSYoungGen      total 344576K, used 175104K [0x00000000e0000000, 0x00000000ffb00000, 0x0000000100000000)
  eden space 175104K, 100% used [0x00000000e0000000,0x00000000eab00000,0x00000000eab00000)
  from space 169472K, 0% used [0x00000000f5580000,0x00000000f5580000,0x00000000ffb00000)
  to   space 172032K, 0% used [0x00000000eab00000,0x00000000eab00000,0x00000000f5300000)
 ParOldGen       total 1048576K, used 1033096K [0x00000000a0000000, 0x00000000e0000000, 0x00000000e0000000)
  object space 1048576K, 98% used [0x00000000a0000000,0x00000000df0e22e8,0x00000000e0000000)
 Metaspace       used 78444K, capacity 84142K, committed 84824K, reserved 1124352K
  class space    used 9811K, capacity 10472K, committed 10624K, reserved 1048576K
GC Heap History (10 events):
Event: 19814.943 GC heap after
Heap after GC invocations=1382 (full 229):
 PSYoungGen      total 294912K, used 102502K [0x00000000e0000000, 0x0000000100000000, 0x0000000100000000)
  eden space 192000K, 0% used [0x00000000e0000000,0x00000000e0000000,0x00000000ebb80000)
  from space 102912K, 99% used [0x00000000ebb80000,0x00000000f1f99990,0x00000000f2000000)
  to   space 169472K, 0% used [0x00000000f5a80000,0x00000000f5a80000,0x0000000100000000)
 ParOldGen       total 1048576K, used 865649K [0x00000000a0000000, 0x00000000e0000000, 0x00000000e0000000)
  object space 1048576K, 82% used [0x00000000a0000000,0x00000000d4d5c420,0x00000000e0000000)
 Metaspace       used 78444K, capacity 84142K, committed 84824K, reserved 1124352K
  class space    used 9811K, capacity 10472K, committed 10624K, reserved 1048576K
}
Event: 19815.178 GC heap before
{Heap before GC invocations=1383 (full 229):
 PSYoungGen      total 294912K, used 294502K [0x00000000e0000000, 0x0000000100000000, 0x0000000100000000)
  eden space 192000K, 100% used [0x00000000e0000000,0x00000000ebb80000,0x00000000ebb80000)
  from space 102912K, 99% used [0x00000000ebb80000,0x00000000f1f99990,0x00000000f2000000)
  to   space 169472K, 0% used [0x00000000f5a80000,0x00000000f5a80000,0x0000000100000000)
 ParOldGen       total 1048576K, used 865649K [0x00000000a0000000, 0x00000000e0000000, 0x00000000e0000000)
  object space 1048576K, 82% used [0x00000000a0000000,0x00000000d4d5c420,0x00000000e0000000)
 Metaspace       used 78444K, capacity 84142K, committed 84824K, reserved 1124352K
  class space    used 9811K, capacity 10472K, committed 10624K, reserved 1048576K
Event: 19815.366 GC heap after
Heap after GC invocations=1383 (full 229):
 PSYoungGen      total 344576K, used 130718K [0x00000000e0000000, 0x0000000100000000, 0x0000000100000000)
  eden space 175104K, 0% used [0x00000000e0000000,0x00000000e0000000,0x00000000eab00000)
  from space 169472K, 77% used [0x00000000f5a80000,0x00000000fda27a50,0x0000000100000000)
  to   space 174592K, 0% used [0x00000000eab00000,0x00000000eab00000,0x00000000f5580000)
 ParOldGen       total 1048576K, used 865649K [0x00000000a0000000, 0x00000000e0000000, 0x00000000e0000000)
  object space 1048576K, 82% used [0x00000000a0000000,0x00000000d4d5c420,0x00000000e0000000)
 Metaspace       used 78444K, capacity 84142K, committed 84824K, reserved 1124352K
  class space    used 9811K, capacity 10472K, committed 10624K, reserved 1048576K
}
Event: 19815.594 GC heap before
{Heap before GC invocations=1384 (full 229):
 PSYoungGen      total 344576K, used 305822K [0x00000000e0000000, 0x0000000100000000, 0x0000000100000000)
  eden space 175104K, 100% used [0x00000000e0000000,0x00000000eab00000,0x00000000eab00000)
  from space 169472K, 77% used [0x00000000f5a80000,0x00000000fda27a50,0x0000000100000000)
  to   space 174592K, 0% used [0x00000000eab00000,0x00000000eab00000,0x00000000f5580000)
 ParOldGen       total 1048576K, used 865649K [0x00000000a0000000, 0x00000000e0000000, 0x00000000e0000000)
  object space 1048576K, 82% used [0x00000000a0000000,0x00000000d4d5c420,0x00000000e0000000)
 Metaspace       used 78444K, capacity 84142K, committed 84824K, reserved 1124352K
  class space    used 9811K, capacity 10472K, committed 10624K, reserved 1048576K
Event: 19815.804 GC heap after
Heap after GC invocations=1384 (full 229):
 PSYoungGen      total 349696K, used 102880K [0x00000000e0000000, 0x0000000100000000, 0x0000000100000000)
  eden space 175104K, 0% used [0x00000000e0000000,0x00000000e0000000,0x00000000eab00000)
  from space 174592K, 58% used [0x00000000eab00000,0x00000000f0f782d8,0x00000000f5580000)
  to   space 174592K, 0% used [0x00000000f5580000,0x00000000f5580000,0x0000000100000000)
 ParOldGen       total 1048576K, used 917889K [0x00000000a0000000, 0x00000000e0000000, 0x00000000e0000000)
  object space 1048576K, 87% used [0x00000000a0000000,0x00000000d8060478,0x00000000e0000000)
 Metaspace       used 78444K, capacity 84142K, committed 84824K, reserved 1124352K
  class space    used 9811K, capacity 10472K, committed 10624K, reserved 1048576K
}
Event: 19816.035 GC heap before
{Heap before GC invocations=1385 (full 229):
 PSYoungGen      total 349696K, used 277984K [0x00000000e0000000, 0x0000000100000000, 0x0000000100000000)
  eden space 175104K, 100% used [0x00000000e0000000,0x00000000eab00000,0x00000000eab00000)
  from space 174592K, 58% used [0x00000000eab00000,0x00000000f0f782d8,0x00000000f5580000)
  to   space 174592K, 0% used [0x00000000f5580000,0x00000000f5580000,0x0000000100000000)
 ParOldGen       total 1048576K, used 917889K [0x00000000a0000000, 0x00000000e0000000, 0x00000000e0000000)
  object space 1048576K, 87% used [0x00000000a0000000,0x00000000d8060478,0x00000000e0000000)
 Metaspace       used 78444K, capacity 84142K, committed 84824K, reserved 1124352K
  class space    used 9811K, capacity 10472K, committed 10624K, reserved 1048576K
Event: 19816.221 GC heap after
Heap after GC invocations=1385 (full 229):
 PSYoungGen      total 344576K, used 77499K [0x00000000e0000000, 0x00000000ffb00000, 0x0000000100000000)
  eden space 175104K, 0% used [0x00000000e0000000,0x00000000e0000000,0x00000000eab00000)
  from space 169472K, 45% used [0x00000000f5580000,0x00000000fa12eff0,0x00000000ffb00000)
  to   space 172032K, 0% used [0x00000000eab00000,0x00000000eab00000,0x00000000f5300000)
 ParOldGen       total 1048576K, used 968721K [0x00000000a0000000, 0x00000000e0000000, 0x00000000e0000000)
  object space 1048576K, 92% used [0x00000000a0000000,0x00000000db2046c8,0x00000000e0000000)
 Metaspace       used 78444K, capacity 84142K, committed 84824K, reserved 1124352K
  class space    used 9811K, capacity 10472K, committed 10624K, reserved 1048576K
}
Event: 19816.221 GC heap before
{Heap before GC invocations=1386 (full 230):
 PSYoungGen      total 344576K, used 77499K [0x00000000e0000000, 0x00000000ffb00000, 0x0000000100000000)
  eden space 175104K, 0% used [0x00000000e0000000,0x00000000e0000000,0x00000000eab00000)
  from space 169472K, 45% used [0x00000000f5580000,0x00000000fa12eff0,0x00000000ffb00000)
  to   space 172032K, 0% used [0x00000000eab00000,0x00000000eab00000,0x00000000f5300000)
 ParOldGen       total 1048576K, used 968721K [0x00000000a0000000, 0x00000000e0000000, 0x00000000e0000000)
  object space 1048576K, 92% used [0x00000000a0000000,0x00000000db2046c8,0x00000000e0000000)
 Metaspace       used 78444K, capacity 84142K, committed 84824K, reserved 1124352K
  class space    used 9811K, capacity 10472K, committed 10624K, reserved 1048576K
Event: 19825.122 GC heap after
Heap after GC invocations=1386 (full 230):
 PSYoungGen      total 344576K, used 0K [0x00000000e0000000, 0x00000000ffb00000, 0x0000000100000000)
  eden space 175104K, 0% used [0x00000000e0000000,0x00000000e0000000,0x00000000eab00000)
  from space 169472K, 0% used [0x00000000f5580000,0x00000000f5580000,0x00000000ffb00000)
  to   space 172032K, 0% used [0x00000000eab00000,0x00000000eab00000,0x00000000f5300000)
 ParOldGen       total 1048576K, used 1033096K [0x00000000a0000000, 0x00000000e0000000, 0x00000000e0000000)
  object space 1048576K, 98% used [0x00000000a0000000,0x00000000df0e22e8,0x00000000e0000000)
 Metaspace       used 78444K, capacity 84142K, committed 84824K, reserved 1124352K
  class space    used 9811K, capacity 10472K, committed 10624K, reserved 1048576K
}
Event: 19825.391 GC heap before
{Heap before GC invocations=1387 (full 231):
 PSYoungGen      total 344576K, used 175104K [0x00000000e0000000, 0x00000000ffb00000, 0x0000000100000000)
  eden space 175104K, 100% used [0x00000000e0000000,0x00000000eab00000,0x00000000eab00000)
  from space 169472K, 0% used [0x00000000f5580000,0x00000000f5580000,0x00000000ffb00000)
  to   space 172032K, 0% used [0x00000000eab00000,0x00000000eab00000,0x00000000f5300000)
 ParOldGen       total 1048576K, used 1033096K [0x00000000a0000000, 0x00000000e0000000, 0x00000000e0000000)
  object space 1048576K, 98% used [0x00000000a0000000,0x00000000df0e22e8,0x00000000e0000000)
 Metaspace       used 78444K, capacity 84142K, committed 84824K, reserved 1124352K
  class space    used 9811K, capacity 10472K, committed 10624K, reserved 1048576K

