# JRE version: Java(TM) SE Runtime Environment (8.0_112-b15) (build 1.8.0_112-b15)
# Java VM: Java HotSpot(TM) 64-Bit Server VM (25.112-b15 mixed mode windows-amd64 compressed oops)
Heap:
 PSYoungGen      total 349696K, used 63522K [0x00000000e0000000, 0x0000000100000000, 0x0000000100000000)
  eden space 175104K, 0% used [0x00000000e0000000,0x00000000e0000000,0x00000000eab00000)
  from space 174592K, 36% used [0x00000000eab00000,0x00000000ee908850,0x00000000f5580000)
  to   space 174592K, 0% used [0x00000000f5580000,0x00000000f5580000,0x0000000100000000)
 ParOldGen       total 1048576K, used 947254K [0x00000000a0000000, 0x00000000e0000000, 0x00000000e0000000)
  object space 1048576K, 90% used [0x00000000a0000000,0x00000000d9d0daa8,0x00000000e0000000)
 Metaspace       used 99105K, capacity 107446K, committed 109272K, reserved 1144832K
  class space    used 12456K, capacity 13245K, committed 13824K, reserved 1048576K
GC Heap History (10 events):
Event: 20124.316 GC heap after
Heap after GC invocations=1567 (full 302):
 PSYoungGen      total 349696K, used 140676K [0x00000000e0000000, 0x0000000100000000, 0x0000000100000000)
  eden space 175104K, 0% used [0x00000000e0000000,0x00000000e0000000,0x00000000eab00000)
  from space 174592K, 80% used [0x00000000eab00000,0x00000000f3461140,0x00000000f5580000)
  to   space 174592K, 0% used [0x00000000f5580000,0x00000000f5580000,0x0000000100000000)
 ParOldGen       total 1048576K, used 718271K [0x00000000a0000000, 0x00000000e0000000, 0x00000000e0000000)
  object space 1048576K, 68% used [0x00000000a0000000,0x00000000cbd6fea8,0x00000000e0000000)
 Metaspace       used 99105K, capacity 107446K, committed 109272K, reserved 1144832K
  class space    used 12456K, capacity 13245K, committed 13824K, reserved 1048576K
}
Event: 20124.626 GC heap before
{Heap before GC invocations=1568 (full 302):
 PSYoungGen      total 349696K, used 315780K [0x00000000e0000000, 0x0000000100000000, 0x0000000100000000)
  eden space 175104K, 100% used [0x00000000e0000000,0x00000000eab00000,0x00000000eab00000)
  from space 174592K, 80% used [0x00000000eab00000,0x00000000f3461140,0x00000000f5580000)
  to   space 174592K, 0% used [0x00000000f5580000,0x00000000f5580000,0x0000000100000000)
 ParOldGen       total 1048576K, used 718271K [0x00000000a0000000, 0x00000000e0000000, 0x00000000e0000000)
  object space 1048576K, 68% used [0x00000000a0000000,0x00000000cbd6fea8,0x00000000e0000000)
 Metaspace       used 99105K, capacity 107446K, committed 109272K, reserved 1144832K
  class space    used 12456K, capacity 13245K, committed 13824K, reserved 1048576K
Event: 20124.918 GC heap after
Heap after GC invocations=1568 (full 302):
 PSYoungGen      total 349696K, used 74397K [0x00000000e0000000, 0x0000000100000000, 0x0000000100000000)
  eden space 175104K, 0% used [0x00000000e0000000,0x00000000e0000000,0x00000000eab00000)
  from space 174592K, 42% used [0x00000000f5580000,0x00000000f9e27738,0x0000000100000000)
  to   space 174592K, 0% used [0x00000000eab00000,0x00000000eab00000,0x00000000f5580000)
 ParOldGen       total 1048576K, used 741257K [0x00000000a0000000, 0x00000000e0000000, 0x00000000e0000000)
  object space 1048576K, 70% used [0x00000000a0000000,0x00000000cd3e26f0,0x00000000e0000000)
 Metaspace       used 99105K, capacity 107446K, committed 109272K, reserved 1144832K
  class space    used 12456K, capacity 13245K, committed 13824K, reserved 1048576K
}
Event: 20125.342 GC heap before
{Heap before GC invocations=1569 (full 302):
 PSYoungGen      total 349696K, used 249501K [0x00000000e0000000, 0x0000000100000000, 0x0000000100000000)
  eden space 175104K, 100% used [0x00000000e0000000,0x00000000eab00000,0x00000000eab00000)
  from space 174592K, 42% used [0x00000000f5580000,0x00000000f9e27738,0x0000000100000000)
  to   space 174592K, 0% used [0x00000000eab00000,0x00000000eab00000,0x00000000f5580000)
 ParOldGen       total 1048576K, used 741257K [0x00000000a0000000, 0x00000000e0000000, 0x00000000e0000000)
  object space 1048576K, 70% used [0x00000000a0000000,0x00000000cd3e26f0,0x00000000e0000000)
 Metaspace       used 99105K, capacity 107446K, committed 109272K, reserved 1144832K
  class space    used 12456K, capacity 13245K, committed 13824K, reserved 1048576K
Event: 20125.462 GC heap after
Heap after GC invocations=1569 (full 302):
 PSYoungGen      total 349696K, used 109875K [0x00000000e0000000, 0x0000000100000000, 0x0000000100000000)
  eden space 175104K, 0% used [0x00000000e0000000,0x00000000e0000000,0x00000000eab00000)
  from space 174592K, 62% used [0x00000000eab00000,0x00000000f164cc00,0x00000000f5580000)
  to   space 174592K, 0% used [0x00000000f5580000,0x00000000f5580000,0x0000000100000000)
 ParOldGen       total 1048576K, used 814491K [0x00000000a0000000, 0x00000000e0000000, 0x00000000e0000000)
  object space 1048576K, 77% used [0x00000000a0000000,0x00000000d1b66c20,0x00000000e0000000)
 Metaspace       used 99105K, capacity 107446K, committed 109272K, reserved 1144832K
  class space    used 12456K, capacity 13245K, committed 13824K, reserved 1048576K
}
Event: 20125.620 GC heap before
{Heap before GC invocations=1570 (full 302):
 PSYoungGen      total 349696K, used 284979K [0x00000000e0000000, 0x0000000100000000, 0x0000000100000000)
  eden space 175104K, 100% used [0x00000000e0000000,0x00000000eab00000,0x00000000eab00000)
  from space 174592K, 62% used [0x00000000eab00000,0x00000000f164cc00,0x00000000f5580000)
  to   space 174592K, 0% used [0x00000000f5580000,0x00000000f5580000,0x0000000100000000)
 ParOldGen       total 1048576K, used 814491K [0x00000000a0000000, 0x00000000e0000000, 0x00000000e0000000)
  object space 1048576K, 77% used [0x00000000a0000000,0x00000000d1b66c20,0x00000000e0000000)
 Metaspace       used 99105K, capacity 107446K, committed 109272K, reserved 1144832K
  class space    used 12456K, capacity 13245K, committed 13824K, reserved 1048576K
Event: 20125.734 GC heap after
Heap after GC invocations=1570 (full 302):
 PSYoungGen      total 349696K, used 64032K [0x00000000e0000000, 0x0000000100000000, 0x0000000100000000)
  eden space 175104K, 0% used [0x00000000e0000000,0x00000000e0000000,0x00000000eab00000)
  from space 174592K, 36% used [0x00000000f5580000,0x00000000f9408080,0x0000000100000000)
  to   space 174592K, 0% used [0x00000000eab00000,0x00000000eab00000,0x00000000f5580000)
 ParOldGen       total 1048576K, used 922763K [0x00000000a0000000, 0x00000000e0000000, 0x00000000e0000000)
  object space 1048576K, 88% used [0x00000000a0000000,0x00000000d8522c48,0x00000000e0000000)
 Metaspace       used 99105K, capacity 107446K, committed 109272K, reserved 1144832K
  class space    used 12456K, capacity 13245K, committed 13824K, reserved 1048576K
}
Event: 20126.256 GC heap before
{Heap before GC invocations=1571 (full 302):
 PSYoungGen      total 349696K, used 239136K [0x00000000e0000000, 0x0000000100000000, 0x0000000100000000)
  eden space 175104K, 100% used [0x00000000e0000000,0x00000000eab00000,0x00000000eab00000)
  from space 174592K, 36% used [0x00000000f5580000,0x00000000f9408080,0x0000000100000000)
  to   space 174592K, 0% used [0x00000000eab00000,0x00000000eab00000,0x00000000f5580000)
 ParOldGen       total 1048576K, used 922763K [0x00000000a0000000, 0x00000000e0000000, 0x00000000e0000000)
  object space 1048576K, 88% used [0x00000000a0000000,0x00000000d8522c48,0x00000000e0000000)
 Metaspace       used 99105K, capacity 107446K, committed 109272K, reserved 1144832K
  class space    used 12456K, capacity 13245K, committed 13824K, reserved 1048576K
Event: 20126.350 GC heap after
Heap after GC invocations=1571 (full 302):
 PSYoungGen      total 349696K, used 63522K [0x00000000e0000000, 0x0000000100000000, 0x0000000100000000)
  eden space 175104K, 0% used [0x00000000e0000000,0x00000000e0000000,0x00000000eab00000)
  from space 174592K, 36% used [0x00000000eab00000,0x00000000ee908850,0x00000000f5580000)
  to   space 174592K, 0% used [0x00000000f5580000,0x00000000f5580000,0x0000000100000000)
 ParOldGen       total 1048576K, used 947254K [0x00000000a0000000, 0x00000000e0000000, 0x00000000e0000000)
  object space 1048576K, 90% used [0x00000000a0000000,0x00000000d9d0daa8,0x00000000e0000000)
 Metaspace       used 99105K, capacity 107446K, committed 109272K, reserved 1144832K
  class space    used 12456K, capacity 13245K, committed 13824K, reserved 1048576K
}
Event: 20126.350 GC heap before
{Heap before GC invocations=1572 (full 303):
 PSYoungGen      total 349696K, used 63522K [0x00000000e0000000, 0x0000000100000000, 0x0000000100000000)
  eden space 175104K, 0% used [0x00000000e0000000,0x00000000e0000000,0x00000000eab00000)
  from space 174592K, 36% used [0x00000000eab00000,0x00000000ee908850,0x00000000f5580000)
  to   space 174592K, 0% used [0x00000000f5580000,0x00000000f5580000,0x0000000100000000)
 ParOldGen       total 1048576K, used 947254K [0x00000000a0000000, 0x00000000e0000000, 0x00000000e0000000)
  object space 1048576K, 90% used [0x00000000a0000000,0x00000000d9d0daa8,0x00000000e0000000)
 Metaspace       used 99105K, capacity 107446K, committed 109272K, reserved 1144832K
  class space    used 12456K, capacity 13245K, committed 13824K, reserved 1048576K

