# JRE version: Java(TM) SE Runtime Environment (8.0_112-b15) (build 1.8.0_112-b15)
# Java VM: Java HotSpot(TM) 64-Bit Server VM (25.112-b15 mixed mode windows-amd64 compressed oops)
Heap:
 PSYoungGen      total 346112K, used 109418K [0x00000000e0000000, 0x0000000100000000, 0x0000000100000000)
  eden space 236544K, 0% used [0x00000000e0000000,0x00000000e0000000,0x00000000ee700000)
  from space 109568K, 99% used [0x00000000ee700000,0x00000000f51da998,0x00000000f5200000)
  to   space 154624K, 0% used [0x00000000f6900000,0x00000000f6900000,0x0000000100000000)
 ParOldGen       total 623104K, used 570892K [0x00000000a0000000, 0x00000000c6080000, 0x00000000e0000000)
  object space 623104K, 91% used [0x00000000a0000000,0x00000000c2d83238,0x00000000c6080000)
 Metaspace       used 74862K, capacity 78240K, committed 78552K, reserved 1118208K
  class space    used 9538K, capacity 10156K, committed 10240K, reserved 1048576K
GC Heap History (10 events):
Event: 2646.696 GC heap after
Heap after GC invocations=217 (full 25):
 PSYoungGen      total 357376K, used 32502K [0x00000000e0000000, 0x00000000ff480000, 0x0000000100000000)
  eden space 210432K, 0% used [0x00000000e0000000,0x00000000e0000000,0x00000000ecd80000)
  from space 146944K, 22% used [0x00000000ecd80000,0x00000000eed3d810,0x00000000f5d00000)
  to   space 140800K, 0% used [0x00000000f6b00000,0x00000000f6b00000,0x00000000ff480000)
 ParOldGen       total 623104K, used 507461K [0x00000000a0000000, 0x00000000c6080000, 0x00000000e0000000)
  object space 623104K, 81% used [0x00000000a0000000,0x00000000bef917b8,0x00000000c6080000)
 Metaspace       used 74861K, capacity 78240K, committed 78552K, reserved 1118208K
  class space    used 9538K, capacity 10156K, committed 10240K, reserved 1048576K
}
Event: 2646.955 GC heap before
{Heap before GC invocations=218 (full 25):
 PSYoungGen      total 357376K, used 242934K [0x00000000e0000000, 0x00000000ff480000, 0x0000000100000000)
  eden space 210432K, 100% used [0x00000000e0000000,0x00000000ecd80000,0x00000000ecd80000)
  from space 146944K, 22% used [0x00000000ecd80000,0x00000000eed3d810,0x00000000f5d00000)
  to   space 140800K, 0% used [0x00000000f6b00000,0x00000000f6b00000,0x00000000ff480000)
 ParOldGen       total 623104K, used 507461K [0x00000000a0000000, 0x00000000c6080000, 0x00000000e0000000)
  object space 623104K, 81% used [0x00000000a0000000,0x00000000bef917b8,0x00000000c6080000)
 Metaspace       used 74862K, capacity 78240K, committed 78552K, reserved 1118208K
  class space    used 9538K, capacity 10156K, committed 10240K, reserved 1048576K
Event: 2647.046 GC heap after
Heap after GC invocations=218 (full 25):
 PSYoungGen      total 359424K, used 33737K [0x00000000e0000000, 0x00000000fe880000, 0x0000000100000000)
  eden space 230912K, 0% used [0x00000000e0000000,0x00000000e0000000,0x00000000ee180000)
  from space 128512K, 26% used [0x00000000f6b00000,0x00000000f8bf25f0,0x00000000fe880000)
  to   space 134656K, 0% used [0x00000000ee180000,0x00000000ee180000,0x00000000f6500000)
 ParOldGen       total 623104K, used 538542K [0x00000000a0000000, 0x00000000c6080000, 0x00000000e0000000)
  object space 623104K, 86% used [0x00000000a0000000,0x00000000c0deb918,0x00000000c6080000)
 Metaspace       used 74862K, capacity 78240K, committed 78552K, reserved 1118208K
  class space    used 9538K, capacity 10156K, committed 10240K, reserved 1048576K
}
Event: 2647.332 GC heap before
{Heap before GC invocations=219 (full 25):
 PSYoungGen      total 359424K, used 264649K [0x00000000e0000000, 0x00000000fe880000, 0x0000000100000000)
  eden space 230912K, 100% used [0x00000000e0000000,0x00000000ee180000,0x00000000ee180000)
  from space 128512K, 26% used [0x00000000f6b00000,0x00000000f8bf25f0,0x00000000fe880000)
  to   space 134656K, 0% used [0x00000000ee180000,0x00000000ee180000,0x00000000f6500000)
 ParOldGen       total 623104K, used 538542K [0x00000000a0000000, 0x00000000c6080000, 0x00000000e0000000)
  object space 623104K, 86% used [0x00000000a0000000,0x00000000c0deb918,0x00000000c6080000)
 Metaspace       used 74862K, capacity 78240K, committed 78552K, reserved 1118208K
  class space    used 9538K, capacity 10156K, committed 10240K, reserved 1048576K
Event: 2647.425 GC heap after
Heap after GC invocations=219 (full 25):
 PSYoungGen      total 365568K, used 67595K [0x00000000e0000000, 0x00000000ffa80000, 0x0000000100000000)
  eden space 230912K, 0% used [0x00000000e0000000,0x00000000e0000000,0x00000000ee180000)
  from space 134656K, 50% used [0x00000000ee180000,0x00000000f2382db8,0x00000000f6500000)
  to   space 133120K, 0% used [0x00000000f7880000,0x00000000f7880000,0x00000000ffa80000)
 ParOldGen       total 623104K, used 538542K [0x00000000a0000000, 0x00000000c6080000, 0x00000000e0000000)
  object space 623104K, 86% used [0x00000000a0000000,0x00000000c0deb918,0x00000000c6080000)
 Metaspace       used 74862K, capacity 78240K, committed 78552K, reserved 1118208K
  class space    used 9538K, capacity 10156K, committed 10240K, reserved 1048576K
}
Event: 2647.694 GC heap before
{Heap before GC invocations=220 (full 25):
 PSYoungGen      total 365568K, used 298507K [0x00000000e0000000, 0x00000000ffa80000, 0x0000000100000000)
  eden space 230912K, 100% used [0x00000000e0000000,0x00000000ee180000,0x00000000ee180000)
  from space 134656K, 50% used [0x00000000ee180000,0x00000000f2382db8,0x00000000f6500000)
  to   space 133120K, 0% used [0x00000000f7880000,0x00000000f7880000,0x00000000ffa80000)
 ParOldGen       total 623104K, used 538542K [0x00000000a0000000, 0x00000000c6080000, 0x00000000e0000000)
  object space 623104K, 86% used [0x00000000a0000000,0x00000000c0deb918,0x00000000c6080000)
 Metaspace       used 74862K, capacity 78240K, committed 78552K, reserved 1118208K
  class space    used 9538K, capacity 10156K, committed 10240K, reserved 1048576K
Event: 2647.861 GC heap after
Heap after GC invocations=220 (full 25):
 PSYoungGen      total 369664K, used 101856K [0x00000000e0000000, 0x0000000100000000, 0x0000000100000000)
  eden space 236544K, 0% used [0x00000000e0000000,0x00000000e0000000,0x00000000ee700000)
  from space 133120K, 76% used [0x00000000f7880000,0x00000000fdbf8220,0x00000000ffa80000)
  to   space 143872K, 0% used [0x00000000ee700000,0x00000000ee700000,0x00000000f7380000)
 ParOldGen       total 623104K, used 538542K [0x00000000a0000000, 0x00000000c6080000, 0x00000000e0000000)
  object space 623104K, 86% used [0x00000000a0000000,0x00000000c0deb918,0x00000000c6080000)
 Metaspace       used 74862K, capacity 78240K, committed 78552K, reserved 1118208K
  class space    used 9538K, capacity 10156K, committed 10240K, reserved 1048576K
}
Event: 2648.147 GC heap before
{Heap before GC invocations=221 (full 25):
 PSYoungGen      total 369664K, used 338400K [0x00000000e0000000, 0x0000000100000000, 0x0000000100000000)
  eden space 236544K, 100% used [0x00000000e0000000,0x00000000ee700000,0x00000000ee700000)
  from space 133120K, 76% used [0x00000000f7880000,0x00000000fdbf8220,0x00000000ffa80000)
  to   space 143872K, 0% used [0x00000000ee700000,0x00000000ee700000,0x00000000f7380000)
 ParOldGen       total 623104K, used 538542K [0x00000000a0000000, 0x00000000c6080000, 0x00000000e0000000)
  object space 623104K, 86% used [0x00000000a0000000,0x00000000c0deb918,0x00000000c6080000)
 Metaspace       used 74862K, capacity 78240K, committed 78552K, reserved 1118208K
  class space    used 9538K, capacity 10156K, committed 10240K, reserved 1048576K
Event: 2648.347 GC heap after
Heap after GC invocations=221 (full 25):
 PSYoungGen      total 346112K, used 109418K [0x00000000e0000000, 0x0000000100000000, 0x0000000100000000)
  eden space 236544K, 0% used [0x00000000e0000000,0x00000000e0000000,0x00000000ee700000)
  from space 109568K, 99% used [0x00000000ee700000,0x00000000f51da998,0x00000000f5200000)
  to   space 154624K, 0% used [0x00000000f6900000,0x00000000f6900000,0x0000000100000000)
 ParOldGen       total 623104K, used 570892K [0x00000000a0000000, 0x00000000c6080000, 0x00000000e0000000)
  object space 623104K, 91% used [0x00000000a0000000,0x00000000c2d83238,0x00000000c6080000)
 Metaspace       used 74862K, capacity 78240K, committed 78552K, reserved 1118208K
  class space    used 9538K, capacity 10156K, committed 10240K, reserved 1048576K
}
Event: 2648.347 GC heap before
{Heap before GC invocations=222 (full 26):
 PSYoungGen      total 346112K, used 109418K [0x00000000e0000000, 0x0000000100000000, 0x0000000100000000)
  eden space 236544K, 0% used [0x00000000e0000000,0x00000000e0000000,0x00000000ee700000)
  from space 109568K, 99% used [0x00000000ee700000,0x00000000f51da998,0x00000000f5200000)
  to   space 154624K, 0% used [0x00000000f6900000,0x00000000f6900000,0x0000000100000000)
 ParOldGen       total 623104K, used 570892K [0x00000000a0000000, 0x00000000c6080000, 0x00000000e0000000)
  object space 623104K, 91% used [0x00000000a0000000,0x00000000c2d83238,0x00000000c6080000)
 Metaspace       used 74862K, capacity 78240K, committed 78552K, reserved 1118208K
  class space    used 9538K, capacity 10156K, committed 10240K, reserved 1048576K

